{
  "stats": {
    "suites": 1,
    "tests": 1,
    "passes": 1,
    "pending": 0,
    "failures": 0,
    "start": "2022-04-20T15:49:23.482Z",
    "end": "2022-04-20T15:49:26.380Z",
    "duration": 2898,
    "testsRegistered": 1,
    "passPercent": 100,
    "pendingPercent": 0,
    "other": 0,
    "hasOther": false,
    "skipped": 0,
    "hasSkipped": false
  },
  "results": [
    {
      "uuid": "13e0adb1-6c31-475b-9d5d-e26e90e3abc2",
      "title": "",
      "fullFile": "cypress/integration/api/store.deleteOrder.spec.js",
      "file": "cypress/integration/api/store.deleteOrder.spec.js",
      "beforeHooks": [],
      "afterHooks": [],
      "tests": [],
      "suites": [
        {
          "uuid": "fcceaffa-a2d0-422c-8b6c-29f0fbb48c81",
          "title": "Delete Order By ID",
          "fullFile": "",
          "file": "",
          "beforeHooks": [],
          "afterHooks": [],
          "tests": [
            {
              "title": "Success Deleted Order",
              "fullTitle": "Delete Order By ID Success Deleted Order",
              "timedOut": null,
              "duration": 2834,
              "state": "passed",
              "speed": "fast",
              "pass": true,
              "fail": false,
              "pending": false,
              "context": null,
              "code": "cy.postStoreOrder().then(postStoreOrder => {\n  cy.deleteOrderById(postStoreOrder.body.id).should(response => {\n    expect(response.status).to.eq(200);\n    expect(response.body.code).to.be.not.null;\n    expect(response.body).to.have.property(\"code\", 200);\n    cy.validateSchema(_responseSchema.generalResponse, response.body);\n  });\n});",
              "err": {},
              "uuid": "db70e7ea-6d92-46e5-bdf6-de27c41d1d5b",
              "parentUUID": "fcceaffa-a2d0-422c-8b6c-29f0fbb48c81",
              "isHook": false,
              "skipped": false
            }
          ],
          "suites": [],
          "passes": [
            "db70e7ea-6d92-46e5-bdf6-de27c41d1d5b"
          ],
          "failures": [],
          "pending": [],
          "skipped": [],
          "duration": 2834,
          "root": false,
          "rootEmpty": false,
          "_timeout": 2000
        }
      ],
      "passes": [],
      "failures": [],
      "pending": [],
      "skipped": [],
      "duration": 0,
      "root": true,
      "rootEmpty": true,
      "_timeout": 2000
    }
  ],
  "meta": {
    "mocha": {
      "version": "7.0.1"
    },
    "mochawesome": {
      "options": {
        "quiet": false,
        "reportFilename": "mochawesome",
        "saveHtml": false,
        "saveJson": true,
        "consoleReporter": "spec",
        "useInlineDiffs": false,
        "code": true
      },
      "version": "7.1.3"
    },
    "marge": {
      "options": {
        "reportDir": "cypress/results",
        "overwrite": true,
        "html": false,
        "json": true
      },
      "version": "6.2.0"
    }
  }
}