{
  "stats": {
    "suites": 1,
    "tests": 1,
    "passes": 1,
    "pending": 0,
    "failures": 0,
    "start": "2022-07-14T15:39:35.275Z",
    "end": "2022-07-14T15:39:36.317Z",
    "duration": 1042,
    "testsRegistered": 1,
    "passPercent": 100,
    "pendingPercent": 0,
    "other": 0,
    "hasOther": false,
    "skipped": 0,
    "hasSkipped": false
  },
  "results": [
    {
      "uuid": "55bd48ea-ea71-48ad-ae4f-df4987ae3b29",
      "title": "",
      "fullFile": "cypress/integration/api/store/post.StoreOrder.spec.js",
      "file": "cypress/integration/api/store/post.StoreOrder.spec.js",
      "beforeHooks": [],
      "afterHooks": [],
      "tests": [],
      "suites": [
        {
          "uuid": "74bedc41-fd7a-4c4e-a407-11e65d651583",
          "title": "Post Store Order",
          "fullFile": "",
          "file": "",
          "beforeHooks": [],
          "afterHooks": [],
          "tests": [
            {
              "title": "Success Create Order",
              "fullTitle": "Post Store Order Success Create Order",
              "timedOut": null,
              "duration": 923,
              "state": "passed",
              "speed": "fast",
              "pass": true,
              "fail": false,
              "pending": false,
              "context": null,
              "code": "cy.postStoreOrder().should(response => {\n  expect(response.status).to.eq(200);\n  expect(response.body.id).to.be.not.null;\n  expect(response.body.petId).to.be.not.null;\n  expect(response.body.status).to.be.not.null;\n  expect(response.body).to.have.property(\"petId\", 9223372000001106341);\n  expect(response.body).to.have.property(\"status\", \"placed\");\n  cy.schemaValidator(_base.storeResponse, response.body);\n});",
              "err": {},
              "uuid": "77b75322-fb3e-4c78-b850-e7f2fde0872a",
              "parentUUID": "74bedc41-fd7a-4c4e-a407-11e65d651583",
              "isHook": false,
              "skipped": false
            }
          ],
          "suites": [],
          "passes": [
            "77b75322-fb3e-4c78-b850-e7f2fde0872a"
          ],
          "failures": [],
          "pending": [],
          "skipped": [],
          "duration": 923,
          "root": false,
          "rootEmpty": false,
          "_timeout": 2000
        }
      ],
      "passes": [],
      "failures": [],
      "pending": [],
      "skipped": [],
      "duration": 0,
      "root": true,
      "rootEmpty": true,
      "_timeout": 2000
    }
  ],
  "meta": {
    "mocha": {
      "version": "7.0.1"
    },
    "mochawesome": {
      "options": {
        "quiet": false,
        "reportFilename": "spec-run-test",
        "saveHtml": false,
        "saveJson": true,
        "consoleReporter": "spec",
        "useInlineDiffs": false,
        "code": true
      },
      "version": "7.1.3"
    },
    "marge": {
      "options": {
        "html": false,
        "json": true,
        "charts": true,
        "overwrite": false,
        "reportDir": "cypress/results/spec",
        "reportFilename": "spec-run-test"
      },
      "version": "6.2.0"
    }
  }
}