{
  "stats": {
    "suites": 1,
    "tests": 1,
    "passes": 1,
    "pending": 0,
    "failures": 0,
    "start": "2022-07-14T15:39:39.565Z",
    "end": "2022-07-14T15:39:40.470Z",
    "duration": 905,
    "testsRegistered": 1,
    "passPercent": 100,
    "pendingPercent": 0,
    "other": 0,
    "hasOther": false,
    "skipped": 0,
    "hasSkipped": false
  },
  "results": [
    {
      "uuid": "8f403fca-6520-4309-b609-1ae5802b4442",
      "title": "",
      "fullFile": "cypress/integration/api/user/put.userByUsername.spec.js",
      "file": "cypress/integration/api/user/put.userByUsername.spec.js",
      "beforeHooks": [],
      "afterHooks": [],
      "tests": [],
      "suites": [
        {
          "uuid": "1b568096-80c5-42be-97dc-5ff2122cf355",
          "title": "Update User Detail",
          "fullFile": "",
          "file": "",
          "beforeHooks": [],
          "afterHooks": [],
          "tests": [
            {
              "title": "Success Updated User Data",
              "fullTitle": "Update User Detail Success Updated User Data",
              "timedOut": null,
              "duration": 790,
              "state": "passed",
              "speed": "fast",
              "pass": true,
              "fail": false,
              "pending": false,
              "context": null,
              "code": "cy.putUserByUsername(\"klontongapp\").should(response => {\n  expect(response.status).to.eq(200);\n  expect(response.body.code).to.be.not.null;\n  expect(response.body).to.have.property(\"code\", 200);\n  cy.schemaValidator(_common.commonResponse, response.body);\n});",
              "err": {},
              "uuid": "5505d231-fd4a-47b6-be99-97cb0a3767b2",
              "parentUUID": "1b568096-80c5-42be-97dc-5ff2122cf355",
              "isHook": false,
              "skipped": false
            }
          ],
          "suites": [],
          "passes": [
            "5505d231-fd4a-47b6-be99-97cb0a3767b2"
          ],
          "failures": [],
          "pending": [],
          "skipped": [],
          "duration": 790,
          "root": false,
          "rootEmpty": false,
          "_timeout": 2000
        }
      ],
      "passes": [],
      "failures": [],
      "pending": [],
      "skipped": [],
      "duration": 0,
      "root": true,
      "rootEmpty": true,
      "_timeout": 2000
    }
  ],
  "meta": {
    "mocha": {
      "version": "7.0.1"
    },
    "mochawesome": {
      "options": {
        "quiet": false,
        "reportFilename": "spec-run-test",
        "saveHtml": false,
        "saveJson": true,
        "consoleReporter": "spec",
        "useInlineDiffs": false,
        "code": true
      },
      "version": "7.1.3"
    },
    "marge": {
      "options": {
        "html": false,
        "json": true,
        "charts": true,
        "overwrite": false,
        "reportDir": "cypress/results/spec",
        "reportFilename": "spec-run-test"
      },
      "version": "6.2.0"
    }
  }
}